[2026-02-09 07:06:17] local.ERROR: In order to use the Auth::routes() method, please install the laravel/ui package. {"exception":"[object] (RuntimeException(code: 0): In order to use the Auth::routes() method, please install the laravel/ui package. at C:/Users/ADMIN/Downloads/Smart-School-Bus-Tracking-and-routes-detail/vendor/laravel/framework/src/Illuminate/Support/Facades/Auth.php:93)
[stacktrace]
#0 C:/Users/ADMIN/Downloads/Smart-School-Bus-Tracking-and-routes-detail/routes/web.php(42): Illuminate/Support/Facades/Auth::routes()
#1 C:/Users/ADMIN/Downloads/Smart-School-Bus-Tracking-and-routes-detail/vendor/laravel/framework/src/Illuminate/Routing/RouteFileRegistrar.php(35): require('C://Users//ADMIN//...')
#2 C:/Users/ADMIN/Downloads/Smart-School-Bus-Tracking-and-routes-detail/vendor/laravel/framework/src/Illuminate/Routing/Router.php(511): Illuminate/Routing/RouteFileRegistrar->register('C://Users//ADMIN//...')
#3 C:/Users/ADMIN/Downloads/Smart-School-Bus-Tracking-and-routes-detail/vendor/laravel/framework/src/Illuminate/Routing/Router.php(465): Illuminate/Routing/Router->loadRoutes('C://Users//ADMIN//...')
#4 C:/Users/ADMIN/Downloads/Smart-School-Bus-Tracking-and-routes-detail/vendor/laravel/framework/src/Illuminate/Routing/RouteRegistrar.php(194): Illuminate/Routing/Router->group(Array, 'C://Users//ADMIN//...')
#5 C:/Users/ADMIN/Downloads/Smart-School-Bus-Tracking-and-routes-detail/app/Providers/RouteServiceProvider.php(56): Illuminate/Routing/RouteRegistrar->group('C://Users//ADMIN//...')
#6 C:/Users/ADMIN/Downloads/Smart-School-Bus-Tracking-and-routes-detail/app/Providers/RouteServiceProvider.php(40): App/Providers/RouteServiceProvider->mapWebRoutes()
#7 C:/Users/ADMIN/Downloads/Smart-School-Bus-Tracking-and-routes-detail/vendor/laravel/framework/src/Illuminate/Container/BoundMethod.php(36): App/Providers/RouteServiceProvider->map()
#8 C:/Users/ADMIN/Downloads/Smart-School-Bus-Tracking-and-routes-detail/vendor/laravel/framework/src/Illuminate/Container/Util.php(41): Illuminate/Container/BoundMethod::Illuminate/Container/{closure}()
#9 C:/Users/ADMIN/Downloads/Smart-School-Bus-Tracking-and-routes-detail/vendor/laravel/framework/src/Illuminate/Container/BoundMethod.php(93): Illuminate/Container/Util::unwrapIfClosure(Object(Closure))
#10 C:/Users/ADMIN/Downloads/Smart-School-Bus-Tracking-and-routes-detail/vendor/laravel/framework/src/Illuminate/Container/BoundMethod.php(35): Illuminate/Container/BoundMethod::callBoundMethod(Object(Illuminate/Foundation/Application), Array, Object(Closure))
#11 C:/Users/ADMIN/Downloads/Smart-School-Bus-Tracking-and-routes-detail/vendor/laravel/framework/src/Illuminate/Container/Container.php(662): Illuminate/Container/BoundMethod::call(Object(Illuminate/Foundation/Application), Array, Array, NULL)
#12 C:/Users/ADMIN/Downloads/Smart-School-Bus-Tracking-and-routes-detail/vendor/laravel/framework/src/Illuminate/Foundation/Support/Providers/RouteServiceProvider.php(122): Illuminate/Container/Container->call(Array)
#13 C:/Users/ADMIN/Downloads/Smart-School-Bus-Tracking-and-routes-detail/vendor/laravel/framework/src/Illuminate/Foundation/Support/Providers/RouteServiceProvider.php(45): Illuminate/Foundation/Support/Providers/RouteServiceProvider->loadRoutes()
#14 C:/Users/ADMIN/Downloads/Smart-School-Bus-Tracking-and-routes-detail/vendor/laravel/framework/src/Illuminate/Container/BoundMethod.php(36): Illuminate/Foundation/Support/Providers/RouteServiceProvider->Illuminate/Foundation/Support/Providers/{closure}()
#15 C:/Users/ADMIN/Downloads/Smart-School-Bus-Tracking-and-routes-detail/vendor/laravel/framework/src/Illuminate/Container/Util.php(41): Illuminate/Container/BoundMethod::Illuminate/Container/{closure}()
#16 C:/Users/ADMIN/Downloads/Smart-School-Bus-Tracking-and-routes-detail/vendor/laravel/framework/src/Illuminate/Container/BoundMethod.php(81): Illuminate/Container/Util::unwrapIfClosure(Object(Closure))
#17 C:/Users/ADMIN/Downloads/Smart-School-Bus-Tracking-and-routes-detail/vendor/laravel/framework/src/Illuminate/Container/BoundMethod.php(35): Illuminate/Container/BoundMethod::callBoundMethod(Object(Illuminate/Foundation/Application), Object(Closure), Object(Closure))
#18 C:/Users/ADMIN/Downloads/Smart-School-Bus-Tracking-and-routes-detail/vendor/laravel/framework/src/Illuminate/Container/Container.php(662): Illuminate/Container/BoundMethod::call(Object(Illuminate/Foundation/Application), Object(Closure), Array, NULL)
#19 C:/Users/ADMIN/Downloads/Smart-School-Bus-Tracking-and-routes-detail/vendor/laravel/framework/src/Illuminate/Support/ServiceProvider.php(119): Illuminate/Container/Container->call(Object(Closure))
#20 C:/Users/ADMIN/Downloads/Smart-School-Bus-Tracking-and-routes-detail/vendor/laravel/framework/src/Illuminate/Foundation/Application.php(1062): Illuminate/Support/ServiceProvider->callBootedCallbacks()
#21 C:/Users/ADMIN/Downloads/Smart-School-Bus-Tracking-and-routes-detail/vendor/laravel/framework/src/Illuminate/Foundation/Application.php(1040): Illuminate/Foundation/Application->bootProvider(Object(App/Providers/RouteServiceProvider))
#22 [internal function]: Illuminate/Foundation/Application->Illuminate/Foundation/{closure}(Object(App/Providers/RouteServiceProvider), 23)
#23 C:/Users/ADMIN/Downloads/Smart-School-Bus-Tracking-and-routes-detail/vendor/laravel/framework/src/Illuminate/Foundation/Application.php(1039): array_walk(Array, Object(Closure))
#24 C:/Users/ADMIN/Downloads/Smart-School-Bus-Tracking-and-routes-detail/vendor/laravel/framework/src/Illuminate/Foundation/Bootstrap/BootProviders.php(17): Illuminate/Foundation/Application->boot()
#25 C:/Users/ADMIN/Downloads/Smart-School-Bus-Tracking-and-routes-detail/vendor/laravel/framework/src/Illuminate/Foundation/Application.php(286): Illuminate/Foundation/Bootstrap/BootProviders->bootstrap(Object(Illuminate/Foundation/Application))
#26 C:/Users/ADMIN/Downloads/Smart-School-Bus-Tracking-and-routes-detail/vendor/laravel/framework/src/Illuminate/Foundation/Console/Kernel.php(447): Illuminate/Foundation/Application->bootstrapWith(Array)
#27 C:/Users/ADMIN/Downloads/Smart-School-Bus-Tracking-and-routes-detail/vendor/laravel/framework/src/Illuminate/Foundation/Console/Kernel.php(199): Illuminate/Foundation/Console/Kernel->bootstrap()
#28 C:/Users/ADMIN/Downloads/Smart-School-Bus-Tracking-and-routes-detail/artisan(35): Illuminate/Foundation/Console/Kernel->handle(Object(Symfony/Component/Console/Input/ArgvInput), Object(Symfony/Component/Console/Output/ConsoleOutput))
#29 {main}
"} 
[2026-02-09 07:08:41] local.ERROR: Class "Fideloper\Proxy\TrustProxies" not found {"exception":"[object] (Error(code: 0): Class \"Fideloper\\Proxy\\TrustProxies\" not found at C:/Users/ADMIN/Downloads/Smart-School-Bus-Tracking-and-routes-detail/app/Http/Middleware/TrustProxies.php:8)
[stacktrace]
#0 C:/Users/ADMIN/Downloads/Smart-School-Bus-Tracking-and-routes-detail/vendor/composer/ClassLoader.php(576): include()
#1 C:/Users/ADMIN/Downloads/Smart-School-Bus-Tracking-and-routes-detail/vendor/composer/ClassLoader.php(427): Composer/Autoload/{closure}('C://Users//ADMIN//...')
#2 [internal function]: Composer/Autoload/ClassLoader->loadClass('App//Http//Middle...')
#3 C:/Users/ADMIN/Downloads/Smart-School-Bus-Tracking-and-routes-detail/vendor/laravel/framework/src/Illuminate/Container/Container.php(912): ReflectionClass->__construct('App//Http//Middle...')
#4 C:/Users/ADMIN/Downloads/Smart-School-Bus-Tracking-and-routes-detail/vendor/laravel/framework/src/Illuminate/Container/Container.php(795): Illuminate/Container/Container->build('App//Http//Middle...')
#5 C:/Users/ADMIN/Downloads/Smart-School-Bus-Tracking-and-routes-detail/vendor/laravel/framework/src/Illuminate/Foundation/Application.php(986): Illuminate/Container/Container->resolve('App//Http//Middle...', Array, true)
#6 C:/Users/ADMIN/Downloads/Smart-School-Bus-Tracking-and-routes-detail/vendor/laravel/framework/src/Illuminate/Container/Container.php(731): Illuminate/Foundation/Application->resolve('App//Http//Middle...', Array)
#7 C:/Users/ADMIN/Downloads/Smart-School-Bus-Tracking-and-routes-detail/vendor/laravel/framework/src/Illuminate/Foundation/Application.php(971): Illuminate/Container/Container->make('App//Http//Middle...', Array)
#8 C:/Users/ADMIN/Downloads/Smart-School-Bus-Tracking-and-routes-detail/vendor/laravel/framework/src/Illuminate/Pipeline/Pipeline.php(172): Illuminate/Foundation/Application->make('App//Http//Middle...')
#9 C:/Users/ADMIN/Downloads/Smart-School-Bus-Tracking-and-routes-detail/vendor/laravel/framework/src/Illuminate/Foundation/Http/Middleware/TransformsRequest.php(21): Illuminate/Pipeline/Pipeline->Illuminate/Pipeline/{closure}(Object(Illuminate/Http/Request))
#10 C:/Users/ADMIN/Downloads/Smart-School-Bus-Tracking-and-routes-detail/vendor/laravel/framework/src/Illuminate/Foundation/Http/Middleware/ConvertEmptyStringsToNull.php(31): Illuminate/Foundation/Http/Middleware/TransformsRequest->handle(Object(Illuminate/Http/Request), Object(Closure))
#11 C:/Users/ADMIN/Downloads/Smart-School-Bus-Tracking-and-routes-detail/vendor/laravel/framework/src/Illuminate/Pipeline/Pipeline.php(183): Illuminate/Foundation/Http/Middleware/ConvertEmptyStringsToNull->handle(Object(Illuminate/Http/Request), Object(Closure))
#12 C:/Users/ADMIN/Downloads/Smart-School-Bus-Tracking-and-routes-detail/vendor/laravel/framework/src/Illuminate/Foundation/Http/Middleware/TransformsRequest.php(21): Illuminate/Pipeline/Pipeline->Illuminate/Pipeline/{closure}(Object(Illuminate/Http/Request))
#13 C:/Users/ADMIN/Downloads/Smart-School-Bus-Tracking-and-routes-detail/vendor/laravel/framework/src/Illuminate/Foundation/Http/Middleware/TrimStrings.php(40): Illuminate/Foundation/Http/Middleware/TransformsRequest->handle(Object(Illuminate/Http/Request), Object(Closure))
#14 C:/Users/ADMIN/Downloads/Smart-School-Bus-Tracking-and-routes-detail/vendor/laravel/framework/src/Illuminate/Pipeline/Pipeline.php(183): Illuminate/Foundation/Http/Middleware/TrimStrings->handle(Object(Illuminate/Http/Request), Object(Closure))
#15 C:/Users/ADMIN/Downloads/Smart-School-Bus-Tracking-and-routes-detail/vendor/laravel/framework/src/Illuminate/Foundation/Http/Middleware/ValidatePostSize.php(27): Illuminate/Pipeline/Pipeline->Illuminate/Pipeline/{closure}(Object(Illuminate/Http/Request))
#16 C:/Users/ADMIN/Downloads/Smart-School-Bus-Tracking-and-routes-detail/vendor/laravel/framework/src/Illuminate/Pipeline/Pipeline.php(183): Illuminate/Foundation/Http/Middleware/ValidatePostSize->handle(Object(Illuminate/Http/Request), Object(Closure))
#17 C:/Users/ADMIN/Downloads/Smart-School-Bus-Tracking-and-routes-detail/vendor/laravel/framework/src/Illuminate/Foundation/Http/Middleware/PreventRequestsDuringMaintenance.php(99): Illuminate/Pipeline/Pipeline->Illuminate/Pipeline/{closure}(Object(Illuminate/Http/Request))
#18 C:/Users/ADMIN/Downloads/Smart-School-Bus-Tracking-and-routes-detail/vendor/laravel/framework/src/Illuminate/Pipeline/Pipeline.php(183): Illuminate/Foundation/Http/Middleware/PreventRequestsDuringMaintenance->handle(Object(Illuminate/Http/Request), Object(Closure))
#19 C:/Users/ADMIN/Downloads/Smart-School-Bus-Tracking-and-routes-detail/vendor/laravel/framework/src/Illuminate/Pipeline/Pipeline.php(119): Illuminate/Pipeline/Pipeline->Illuminate/Pipeline/{closure}(Object(Illuminate/Http/Request))
#20 C:/Users/ADMIN/Downloads/Smart-School-Bus-Tracking-and-routes-detail/vendor/laravel/framework/src/Illuminate/Foundation/Http/Kernel.php(175): Illuminate/Pipeline/Pipeline->then(Object(Closure))
#21 C:/Users/ADMIN/Downloads/Smart-School-Bus-Tracking-and-routes-detail/vendor/laravel/framework/src/Illuminate/Foundation/Http/Kernel.php(144): Illuminate/Foundation/Http/Kernel->sendRequestThroughRouter(Object(Illuminate/Http/Request))
#22 C:/Users/ADMIN/Downloads/Smart-School-Bus-Tracking-and-routes-detail/public/index.php(54): Illuminate/Foundation/Http/Kernel->handle(Object(Illuminate/Http/Request))
#23 C:/Users/ADMIN/Downloads/Smart-School-Bus-Tracking-and-routes-detail/server.php(21): require_once('C://Users//ADMIN//...')
#24 {main}
"} 
[2026-02-09 07:08:45] local.ERROR: Class "Fideloper\Proxy\TrustProxies" not found {"exception":"[object] (Error(code: 0): Class \"Fideloper\\Proxy\\TrustProxies\" not found at C:/Users/ADMIN/Downloads/Smart-School-Bus-Tracking-and-routes-detail/app/Http/Middleware/TrustProxies.php:8)
[stacktrace]
#0 C:/Users/ADMIN/Downloads/Smart-School-Bus-Tracking-and-routes-detail/vendor/composer/ClassLoader.php(576): include()
#1 C:/Users/ADMIN/Downloads/Smart-School-Bus-Tracking-and-routes-detail/vendor/composer/ClassLoader.php(427): Composer/Autoload/{closure}('C://Users//ADMIN//...')
#2 [internal function]: Composer/Autoload/ClassLoader->loadClass('App//Http//Middle...')
#3 C:/Users/ADMIN/Downloads/Smart-School-Bus-Tracking-and-routes-detail/vendor/laravel/framework/src/Illuminate/Container/Container.php(912): ReflectionClass->__construct('App//Http//Middle...')
#4 C:/Users/ADMIN/Downloads/Smart-School-Bus-Tracking-and-routes-detail/vendor/laravel/framework/src/Illuminate/Container/Container.php(795): Illuminate/Container/Container->build('App//Http//Middle...')
#5 C:/Users/ADMIN/Downloads/Smart-School-Bus-Tracking-and-routes-detail/vendor/laravel/framework/src/Illuminate/Foundation/Application.php(986): Illuminate/Container/Container->resolve('App//Http//Middle...', Array, true)
#6 C:/Users/ADMIN/Downloads/Smart-School-Bus-Tracking-and-routes-detail/vendor/laravel/framework/src/Illuminate/Container/Container.php(731): Illuminate/Foundation/Application->resolve('App//Http//Middle...', Array)
#7 C:/Users/ADMIN/Downloads/Smart-School-Bus-Tracking-and-routes-detail/vendor/laravel/framework/src/Illuminate/Foundation/Application.php(971): Illuminate/Container/Container->make('App//Http//Middle...', Array)
#8 C:/Users/ADMIN/Downloads/Smart-School-Bus-Tracking-and-routes-detail/vendor/laravel/framework/src/Illuminate/Foundation/Http/Kernel.php(255): Illuminate/Foundation/Application->make('App//Http//Middle...')
#9 C:/Users/ADMIN/Downloads/Smart-School-Bus-Tracking-and-routes-detail/vendor/laravel/framework/src/Illuminate/Foundation/Http/Kernel.php(213): Illuminate/Foundation/Http/Kernel->terminateMiddleware(Object(Illuminate/Http/Request), Object(Illuminate/Http/Response))
#10 C:/Users/ADMIN/Downloads/Smart-School-Bus-Tracking-and-routes-detail/public/index.php(60): Illuminate/Foundation/Http/Kernel->terminate(Object(Illuminate/Http/Request), Object(Illuminate/Http/Response))
#11 C:/Users/ADMIN/Downloads/Smart-School-Bus-Tracking-and-routes-detail/server.php(21): require_once('C://Users//ADMIN//...')
#12 {main}
"} 
[2026-02-09 07:11:25] local.ERROR: Route [login] not defined. {"exception":"[object] (Symfony\\Component\\Routing\\Exception\\RouteNotFoundException(code: 0): Route [login] not defined. at C:/Users/ADMIN/Downloads/Smart-School-Bus-Tracking-and-routes-detail/vendor/laravel/framework/src/Illuminate/Routing/UrlGenerator.php:477)
[stacktrace]
#0 C:/Users/ADMIN/Downloads/Smart-School-Bus-Tracking-and-routes-detail/vendor/laravel/framework/src/Illuminate/Foundation/helpers.php(811): Illuminate/Routing/UrlGenerator->route('login', Array, true)
#1 C:/Users/ADMIN/Downloads/Smart-School-Bus-Tracking-and-routes-detail/app/Http/Middleware/Authenticate.php(18): route('login')
#2 C:/Users/ADMIN/Downloads/Smart-School-Bus-Tracking-and-routes-detail/vendor/laravel/framework/src/Illuminate/Auth/Middleware/Authenticate.php(96): App/Http/Middleware/Authenticate->redirectTo(Object(Illuminate/Http/Request))
#3 C:/Users/ADMIN/Downloads/Smart-School-Bus-Tracking-and-routes-detail/vendor/laravel/framework/src/Illuminate/Auth/Middleware/Authenticate.php(81): Illuminate/Auth/Middleware/Authenticate->unauthenticated(Object(Illuminate/Http/Request), Array)
#4 C:/Users/ADMIN/Downloads/Smart-School-Bus-Tracking-and-routes-detail/vendor/laravel/framework/src/Illuminate/Auth/Middleware/Authenticate.php(55): Illuminate/Auth/Middleware/Authenticate->authenticate(Object(Illuminate/Http/Request), Array)
#5 C:/Users/ADMIN/Downloads/Smart-School-Bus-Tracking-and-routes-detail/vendor/laravel/framework/src/Illuminate/Pipeline/Pipeline.php(183): Illuminate/Auth/Middleware/Authenticate->handle(Object(Illuminate/Http/Request), Object(Closure))
#6 C:/Users/ADMIN/Downloads/Smart-School-Bus-Tracking-and-routes-detail/vendor/laravel/framework/src/Illuminate/Foundation/Http/Middleware/VerifyCsrfToken.php(78): Illuminate/Pipeline/Pipeline->Illuminate/Pipeline/{closure}(Object(Illuminate/Http/Request))
#7 C:/Users/ADMIN/Downloads/Smart-School-Bus-Tracking-and-routes-detail/vendor/laravel/framework/src/Illuminate/Pipeline/Pipeline.php(183): Illuminate/Foundation/Http/Middleware/VerifyCsrfToken->handle(Object(Illuminate/Http/Request), Object(Closure))
#8 C:/Users/ADMIN/Downloads/Smart-School-Bus-Tracking-and-routes-detail/vendor/laravel/framework/src/Illuminate/View/Middleware/ShareErrorsFromSession.php(49): Illuminate/Pipeline/Pipeline->Illuminate/Pipeline/{closure}(Object(Illuminate/Http/Request))
#9 C:/Users/ADMIN/Downloads/Smart-School-Bus-Tracking-and-routes-detail/vendor/laravel/framework/src/Illuminate/Pipeline/Pipeline.php(183): Illuminate/View/Middleware/ShareErrorsFromSession->handle(Object(Illuminate/Http/Request), Object(Closure))
#10 C:/Users/ADMIN/Downloads/Smart-School-Bus-Tracking-and-routes-detail/vendor/laravel/framework/src/Illuminate/Session/Middleware/StartSession.php(121): Illuminate/Pipeline/Pipeline->Illuminate/Pipeline/{closure}(Object(Illuminate/Http/Request))
#11 C:/Users/ADMIN/Downloads/Smart-School-Bus-Tracking-and-routes-detail/vendor/laravel/framework/src/Illuminate/Session/Middleware/StartSession.php(64): Illuminate/Session/Middleware/StartSession->handleStatefulRequest(Object(Illuminate/Http/Request), Object(Illuminate/Session/Store), Object(Closure))
#12 C:/Users/ADMIN/Downloads/Smart-School-Bus-Tracking-and-routes-detail/vendor/laravel/framework/src/Illuminate/Pipeline/Pipeline.php(183): Illuminate/Session/Middleware/StartSession->handle(Object(Illuminate/Http/Request), Object(Closure))
#13 C:/Users/ADMIN/Downloads/Smart-School-Bus-Tracking-and-routes-detail/vendor/laravel/framework/src/Illuminate/Cookie/Middleware/AddQueuedCookiesToResponse.php(37): Illuminate/Pipeline/Pipeline->Illuminate/Pipeline/{closure}(Object(Illuminate/Http/Request))
#14 C:/Users/ADMIN/Downloads/Smart-School-Bus-Tracking-and-routes-detail/vendor/laravel/framework/src/Illuminate/Pipeline/Pipeline.php(183): Illuminate/Cookie/Middleware/AddQueuedCookiesToResponse->handle(Object(Illuminate/Http/Request), Object(Closure))
#15 C:/Users/ADMIN/Downloads/Smart-School-Bus-Tracking-and-routes-detail/vendor/laravel/framework/src/Illuminate/Cookie/Middleware/EncryptCookies.php(67): Illuminate/Pipeline/Pipeline->Illuminate/Pipeline/{closure}(Object(Illuminate/Http/Request))
#16 C:/Users/ADMIN/Downloads/Smart-School-Bus-Tracking-and-routes-detail/vendor/laravel/framework/src/Illuminate/Pipeline/Pipeline.php(183): Illuminate/Cookie/Middleware/EncryptCookies->handle(Object(Illuminate/Http/Request), Object(Closure))
#17 C:/Users/ADMIN/Downloads/Smart-School-Bus-Tracking-and-routes-detail/vendor/laravel/framework/src/Illuminate/Pipeline/Pipeline.php(119): Illuminate/Pipeline/Pipeline->Illuminate/Pipeline/{closure}(Object(Illuminate/Http/Request))
#18 C:/Users/ADMIN/Downloads/Smart-School-Bus-Tracking-and-routes-detail/vendor/laravel/framework/src/Illuminate/Routing/Router.php(805): Illuminate/Pipeline/Pipeline->then(Object(Closure))
#19 C:/Users/ADMIN/Downloads/Smart-School-Bus-Tracking-and-routes-detail/vendor/laravel/framework/src/Illuminate/Routing/Router.php(784): Illuminate/Routing/Router->runRouteWithinStack(Object(Illuminate/Routing/Route), Object(Illuminate/Http/Request))
#20 C:/Users/ADMIN/Downloads/Smart-School-Bus-Tracking-and-routes-detail/vendor/laravel/framework/src/Illuminate/Routing/Router.php(748): Illuminate/Routing/Router->runRoute(Object(Illuminate/Http/Request), Object(Illuminate/Routing/Route))
#21 C:/Users/ADMIN/Downloads/Smart-School-Bus-Tracking-and-routes-detail/vendor/laravel/framework/src/Illuminate/Routing/Router.php(737): Illuminate/Routing/Router->dispatchToRoute(Object(Illuminate/Http/Request))
#22 C:/Users/ADMIN/Downloads/Smart-School-Bus-Tracking-and-routes-detail/vendor/laravel/framework/src/Illuminate/Foundation/Http/Kernel.php(200): Illuminate/Routing/Router->dispatch(Object(Illuminate/Http/Request))
#23 C:/Users/ADMIN/Downloads/Smart-School-Bus-Tracking-and-routes-detail/vendor/laravel/framework/src/Illuminate/Pipeline/Pipeline.php(144): Illuminate/Foundation/Http/Kernel->Illuminate/Foundation/Http/{closure}(Object(Illuminate/Http/Request))
#24 C:/Users/ADMIN/Downloads/Smart-School-Bus-Tracking-and-routes-detail/vendor/laravel/framework/src/Illuminate/Http/Middleware/TrustProxies.php(39): Illuminate/Pipeline/Pipeline->Illuminate/Pipeline/{closure}(Object(Illuminate/Http/Request))
#25 C:/Users/ADMIN/Downloads/Smart-School-Bus-Tracking-and-routes-detail/vendor/laravel/framework/src/Illuminate/Pipeline/Pipeline.php(183): Illuminate/Http/Middleware/TrustProxies->handle(Object(Illuminate/Http/Request), Object(Closure))
#26 C:/Users/ADMIN/Downloads/Smart-School-Bus-Tracking-and-routes-detail/vendor/laravel/framework/src/Illuminate/Foundation/Http/Middleware/TransformsRequest.php(21): Illuminate/Pipeline/Pipeline->Illuminate/Pipeline/{closure}(Object(Illuminate/Http/Request))
#27 C:/Users/ADMIN/Downloads/Smart-School-Bus-Tracking-and-routes-detail/vendor/laravel/framework/src/Illuminate/Foundation/Http/Middleware/ConvertEmptyStringsToNull.php(31): Illuminate/Foundation/Http/Middleware/TransformsRequest->handle(Object(Illuminate/Http/Request), Object(Closure))
#28 C:/Users/ADMIN/Downloads/Smart-School-Bus-Tracking-and-routes-detail/vendor/laravel/framework/src/Illuminate/Pipeline/Pipeline.php(183): Illuminate/Foundation/Http/Middleware/ConvertEmptyStringsToNull->handle(Object(Illuminate/Http/Request), Object(Closure))
#29 C:/Users/ADMIN/Downloads/Smart-School-Bus-Tracking-and-routes-detail/vendor/laravel/framework/src/Illuminate/Foundation/Http/Middleware/TransformsRequest.php(21): Illuminate/Pipeline/Pipeline->Illuminate/Pipeline/{closure}(Object(Illuminate/Http/Request))
#30 C:/Users/ADMIN/Downloads/Smart-School-Bus-Tracking-and-routes-detail/vendor/laravel/framework/src/Illuminate/Foundation/Http/Middleware/TrimStrings.php(40): Illuminate/Foundation/Http/Middleware/TransformsRequest->handle(Object(Illuminate/Http/Request), Object(Closure))
#31 C:/Users/ADMIN/Downloads/Smart-School-Bus-Tracking-and-routes-detail/vendor/laravel/framework/src/Illuminate/Pipeline/Pipeline.php(183): Illuminate/Foundation/Http/Middleware/TrimStrings->handle(Object(Illuminate/Http/Request), Object(Closure))
#32 C:/Users/ADMIN/Downloads/Smart-School-Bus-Tracking-and-routes-detail/vendor/laravel/framework/src/Illuminate/Foundation/Http/Middleware/ValidatePostSize.php(27): Illuminate/Pipeline/Pipeline->Illuminate/Pipeline/{closure}(Object(Illuminate/Http/Request))
#33 C:/Users/ADMIN/Downloads/Smart-School-Bus-Tracking-and-routes-detail/vendor/laravel/framework/src/Illuminate/Pipeline/Pipeline.php(183): Illuminate/Foundation/Http/Middleware/ValidatePostSize->handle(Object(Illuminate/Http/Request), Object(Closure))
#34 C:/Users/ADMIN/Downloads/Smart-School-Bus-Tracking-and-routes-detail/vendor/laravel/framework/src/Illuminate/Foundation/Http/Middleware/PreventRequestsDuringMaintenance.php(99): Illuminate/Pipeline/Pipeline->Illuminate/Pipeline/{closure}(Object(Illuminate/Http/Request))
#35 C:/Users/ADMIN/Downloads/Smart-School-Bus-Tracking-and-routes-detail/vendor/laravel/framework/src/Illuminate/Pipeline/Pipeline.php(183): Illuminate/Foundation/Http/Middleware/PreventRequestsDuringMaintenance->handle(Object(Illuminate/Http/Request), Object(Closure))
#36 C:/Users/ADMIN/Downloads/Smart-School-Bus-Tracking-and-routes-detail/vendor/laravel/framework/src/Illuminate/Pipeline/Pipeline.php(119): Illuminate/Pipeline/Pipeline->Illuminate/Pipeline/{closure}(Object(Illuminate/Http/Request))
#37 C:/Users/ADMIN/Downloads/Smart-School-Bus-Tracking-and-routes-detail/vendor/laravel/framework/src/Illuminate/Foundation/Http/Kernel.php(175): Illuminate/Pipeline/Pipeline->then(Object(Closure))
#38 C:/Users/ADMIN/Downloads/Smart-School-Bus-Tracking-and-routes-detail/vendor/laravel/framework/src/Illuminate/Foundation/Http/Kernel.php(144): Illuminate/Foundation/Http/Kernel->sendRequestThroughRouter(Object(Illuminate/Http/Request))
#39 C:/Users/ADMIN/Downloads/Smart-School-Bus-Tracking-and-routes-detail/public/index.php(54): Illuminate/Foundation/Http/Kernel->handle(Object(Illuminate/Http/Request))
#40 C:/Users/ADMIN/Downloads/Smart-School-Bus-Tracking-and-routes-detail/server.php(21): require_once('C://Users//ADMIN//...')
#41 {main}
"} 
[2026-02-09 07:12:31] local.ERROR: SQLSTATE[HY000] [1045] Access denied for user 'homestead'@'localhost' (using password: YES) (Connection: mysql, SQL: select * from `user`) {"exception":"[object] (Illuminate\\Database\\QueryException(code: 1045): SQLSTATE[HY000] [1045] Access denied for user 'homestead'@'localhost' (using password: YES) (Connection: mysql, SQL: select * from `user`) at C:/Users/ADMIN/Downloads/Smart-School-Bus-Tracking-and-routes-detail/vendor/laravel/framework/src/Illuminate/Database/Connection.php:829)
[stacktrace]
#0 C:/Users/ADMIN/Downloads/Smart-School-Bus-Tracking-and-routes-detail/vendor/laravel/framework/src/Illuminate/Database/Connection.php(783): Illuminate/Database/Connection->runQueryCallback('select * from `...', Array, Object(Closure))
#1 C:/Users/ADMIN/Downloads/Smart-School-Bus-Tracking-and-routes-detail/vendor/laravel/framework/src/Illuminate/Database/Connection.php(414): Illuminate/Database/Connection->run('select * from `...', Array, Object(Closure))
#2 C:/Users/ADMIN/Downloads/Smart-School-Bus-Tracking-and-routes-detail/vendor/laravel/framework/src/Illuminate/Database/Query/Builder.php(2913): Illuminate/Database/Connection->select('select * from `...', Array, true)
#3 C:/Users/ADMIN/Downloads/Smart-School-Bus-Tracking-and-routes-detail/vendor/laravel/framework/src/Illuminate/Database/Query/Builder.php(2902): Illuminate/Database/Query/Builder->runSelect()
#4 C:/Users/ADMIN/Downloads/Smart-School-Bus-Tracking-and-routes-detail/vendor/laravel/framework/src/Illuminate/Database/Query/Builder.php(3456): Illuminate/Database/Query/Builder->Illuminate/Database/Query/{closure}()
#5 C:/Users/ADMIN/Downloads/Smart-School-Bus-Tracking-and-routes-detail/vendor/laravel/framework/src/Illuminate/Database/Query/Builder.php(2901): Illuminate/Database/Query/Builder->onceWithColumns(Array, Object(Closure))
#6 C:/Users/ADMIN/Downloads/Smart-School-Bus-Tracking-and-routes-detail/vendor/laravel/framework/src/Illuminate/Database/Eloquent/Builder.php(739): Illuminate/Database/Query/Builder->get(Array)
#7 C:/Users/ADMIN/Downloads/Smart-School-Bus-Tracking-and-routes-detail/vendor/laravel/framework/src/Illuminate/Database/Eloquent/Builder.php(723): Illuminate/Database/Eloquent/Builder->getModels(Array)
#8 C:/Users/ADMIN/Downloads/Smart-School-Bus-Tracking-and-routes-detail/vendor/laravel/framework/src/Illuminate/Database/Eloquent/Model.php(675): Illuminate/Database/Eloquent/Builder->get(Array)
#9 C:/Users/ADMIN/Downloads/Smart-School-Bus-Tracking-and-routes-detail/app/Http/Controllers/HomeController.php(30): Illuminate/Database/Eloquent/Model::all()
#10 C:/Users/ADMIN/Downloads/Smart-School-Bus-Tracking-and-routes-detail/vendor/laravel/framework/src/Illuminate/Routing/Controller.php(54): App/Http/Controllers/HomeController->index()
#11 C:/Users/ADMIN/Downloads/Smart-School-Bus-Tracking-and-routes-detail/vendor/laravel/framework/src/Illuminate/Routing/ControllerDispatcher.php(43): Illuminate/Routing/Controller->callAction('index', Array)
#12 C:/Users/ADMIN/Downloads/Smart-School-Bus-Tracking-and-routes-detail/vendor/laravel/framework/src/Illuminate/Routing/Route.php(259): Illuminate/Routing/ControllerDispatcher->dispatch(Object(Illuminate/Routing/Route), Object(App/Http/Controllers/HomeController), 'index')
#13 C:/Users/ADMIN/Downloads/Smart-School-Bus-Tracking-and-routes-detail/vendor/laravel/framework/src/Illuminate/Routing/Route.php(205): Illuminate/Routing/Route->runController()
#14 C:/Users/ADMIN/Downloads/Smart-School-Bus-Tracking-and-routes-detail/vendor/laravel/framework/src/Illuminate/Routing/Router.php(806): Illuminate/Routing/Route->run()
#15 C:/Users/ADMIN/Downloads/Smart-School-Bus-Tracking-and-routes-detail/vendor/laravel/framework/src/Illuminate/Pipeline/Pipeline.php(144): Illuminate/Routing/Router->Illuminate/Routing/{closure}(Object(Illuminate/Http/Request))
#16 C:/Users/ADMIN/Downloads/Smart-School-Bus-Tracking-and-routes-detail/vendor/laravel/framework/src/Illuminate/Routing/Middleware/SubstituteBindings.php(50): Illuminate/Pipeline/Pipeline->Illuminate/Pipeline/{closure}(Object(Illuminate/Http/Request))
#17 C:/Users/ADMIN/Downloads/Smart-School-Bus-Tracking-and-routes-detail/vendor/laravel/framework/src/Illuminate/Pipeline/Pipeline.php(183): Illuminate/Routing/Middleware/SubstituteBindings->handle(Object(Illuminate/Http/Request), Object(Closure))
#18 C:/Users/ADMIN/Downloads/Smart-School-Bus-Tracking-and-routes-detail/vendor/laravel/framework/src/Illuminate/Foundation/Http/Middleware/VerifyCsrfToken.php(78): Illuminate/Pipeline/Pipeline->Illuminate/Pipeline/{closure}(Object(Illuminate/Http/Request))
#19 C:/Users/ADMIN/Downloads/Smart-School-Bus-Tracking-and-routes-detail/vendor/laravel/framework/src/Illuminate/Pipeline/Pipeline.php(183): Illuminate/Foundation/Http/Middleware/VerifyCsrfToken->handle(Object(Illuminate/Http/Request), Object(Closure))
#20 C:/Users/ADMIN/Downloads/Smart-School-Bus-Tracking-and-routes-detail/vendor/laravel/framework/src/Illuminate/View/Middleware/ShareErrorsFromSession.php(49): Illuminate/Pipeline/Pipeline->Illuminate/Pipeline/{closure}(Object(Illuminate/Http/Request))
#21 C:/Users/ADMIN/Downloads/Smart-School-Bus-Tracking-and-routes-detail/vendor/laravel/framework/src/Illuminate/Pipeline/Pipeline.php(183): Illuminate/View/Middleware/ShareErrorsFromSession->handle(Object(Illuminate/Http/Request), Object(Closure))
#22 C:/Users/ADMIN/Downloads/Smart-School-Bus-Tracking-and-routes-detail/vendor/laravel/framework/src/Illuminate/Session/Middleware/StartSession.php(121): Illuminate/Pipeline/Pipeline->Illuminate/Pipeline/{closure}(Object(Illuminate/Http/Request))
#23 C:/Users/ADMIN/Downloads/Smart-School-Bus-Tracking-and-routes-detail/vendor/laravel/framework/src/Illuminate/Session/Middleware/StartSession.php(64): Illuminate/Session/Middleware/StartSession->handleStatefulRequest(Object(Illuminate/Http/Request), Object(Illuminate/Session/Store), Object(Closure))
#24 C:/Users/ADMIN/Downloads/Smart-School-Bus-Tracking-and-routes-detail/vendor/laravel/framework/src/Illuminate/Pipeline/Pipeline.php(183): Illuminate/Session/Middleware/StartSession->handle(Object(Illuminate/Http/Request), Object(Closure))
#25 C:/Users/ADMIN/Downloads/Smart-School-Bus-Tracking-and-routes-detail/vendor/laravel/framework/src/Illuminate/Cookie/Middleware/AddQueuedCookiesToResponse.php(37): Illuminate/Pipeline/Pipeline->Illuminate/Pipeline/{closure}(Object(Illuminate/Http/Request))
#26 C:/Users/ADMIN/Downloads/Smart-School-Bus-Tracking-and-routes-detail/vendor/laravel/framework/src/Illuminate/Pipeline/Pipeline.php(183): Illuminate/Cookie/Middleware/AddQueuedCookiesToResponse->handle(Object(Illuminate/Http/Request), Object(Closure))
#27 C:/Users/ADMIN/Downloads/Smart-School-Bus-Tracking-and-routes-detail/vendor/laravel/framework/src/Illuminate/Cookie/Middleware/EncryptCookies.php(67): Illuminate/Pipeline/Pipeline->Illuminate/Pipeline/{closure}(Object(Illuminate/Http/Request))
#28 C:/Users/ADMIN/Downloads/Smart-School-Bus-Tracking-and-routes-detail/vendor/laravel/framework/src/Illuminate/Pipeline/Pipeline.php(183): Illuminate/Cookie/Middleware/EncryptCookies->handle(Object(Illuminate/Http/Request), Object(Closure))
#29 C:/Users/ADMIN/Downloads/Smart-School-Bus-Tracking-and-routes-detail/vendor/laravel/framework/src/Illuminate/Pipeline/Pipeline.php(119): Illuminate/Pipeline/Pipeline->Illuminate/Pipeline/{closure}(Object(Illuminate/Http/Request))
#30 C:/Users/ADMIN/Downloads/Smart-School-Bus-Tracking-and-routes-detail/vendor/laravel/framework/src/Illuminate/Routing/Router.php(805): Illuminate/Pipeline/Pipeline->then(Object(Closure))
#31 C:/Users/ADMIN/Downloads/Smart-School-Bus-Tracking-and-routes-detail/vendor/laravel/framework/src/Illuminate/Routing/Router.php(784): Illuminate/Routing/Router->runRouteWithinStack(Object(Illuminate/Routing/Route), Object(Illuminate/Http/Request))
#32 C:/Users/ADMIN/Downloads/Smart-School-Bus-Tracking-and-routes-detail/vendor/laravel/framework/src/Illuminate/Routing/Router.php(748): Illuminate/Routing/Router->runRoute(Object(Illuminate/Http/Request), Object(Illuminate/Routing/Route))
#33 C:/Users/ADMIN/Downloads/Smart-School-Bus-Tracking-and-routes-detail/vendor/laravel/framework/src/Illuminate/Routing/Router.php(737): Illuminate/Routing/Router->dispatchToRoute(Object(Illuminate/Http/Request))
#34 C:/Users/ADMIN/Downloads/Smart-School-Bus-Tracking-and-routes-detail/vendor/laravel/framework/src/Illuminate/Foundation/Http/Kernel.php(200): Illuminate/Routing/Router->dispatch(Object(Illuminate/Http/Request))
#35 C:/Users/ADMIN/Downloads/Smart-School-Bus-Tracking-and-routes-detail/vendor/laravel/framework/src/Illuminate/Pipeline/Pipeline.php(144): Illuminate/Foundation/Http/Kernel->Illuminate/Foundation/Http/{closure}(Object(Illuminate/Http/Request))
#36 C:/Users/ADMIN/Downloads/Smart-School-Bus-Tracking-and-routes-detail/vendor/laravel/framework/src/Illuminate/Http/Middleware/TrustProxies.php(39): Illuminate/Pipeline/Pipeline->Illuminate/Pipeline/{closure}(Object(Illuminate/Http/Request))
#37 C:/Users/ADMIN/Downloads/Smart-School-Bus-Tracking-and-routes-detail/vendor/laravel/framework/src/Illuminate/Pipeline/Pipeline.php(183): Illuminate/Http/Middleware/TrustProxies->handle(Object(Illuminate/Http/Request), Object(Closure))
#38 C:/Users/ADMIN/Downloads/Smart-School-Bus-Tracking-and-routes-detail/vendor/laravel/framework/src/Illuminate/Foundation/Http/Middleware/TransformsRequest.php(21): Illuminate/Pipeline/Pipeline->Illuminate/Pipeline/{closure}(Object(Illuminate/Http/Request))
#39 C:/Users/ADMIN/Downloads/Smart-School-Bus-Tracking-and-routes-detail/vendor/laravel/framework/src/Illuminate/Foundation/Http/Middleware/ConvertEmptyStringsToNull.php(31): Illuminate/Foundation/Http/Middleware/TransformsRequest->handle(Object(Illuminate/Http/Request), Object(Closure))
#40 C:/Users/ADMIN/Downloads/Smart-School-Bus-Tracking-and-routes-detail/vendor/laravel/framework/src/Illuminate/Pipeline/Pipeline.php(183): Illuminate/Foundation/Http/Middleware/ConvertEmptyStringsToNull->handle(Object(Illuminate/Http/Request), Object(Closure))
#41 C:/Users/ADMIN/Downloads/Smart-School-Bus-Tracking-and-routes-detail/vendor/laravel/framework/src/Illuminate/Foundation/Http/Middleware/TransformsRequest.php(21): Illuminate/Pipeline/Pipeline->Illuminate/Pipeline/{closure}(Object(Illuminate/Http/Request))
#42 C:/Users/ADMIN/Downloads/Smart-School-Bus-Tracking-and-routes-detail/vendor/laravel/framework/src/Illuminate/Foundation/Http/Middleware/TrimStrings.php(40): Illuminate/Foundation/Http/Middleware/TransformsRequest->handle(Object(Illuminate/Http/Request), Object(Closure))
#43 C:/Users/ADMIN/Downloads/Smart-School-Bus-Tracking-and-routes-detail/vendor/laravel/framework/src/Illuminate/Pipeline/Pipeline.php(183): Illuminate/Foundation/Http/Middleware/TrimStrings->handle(Object(Illuminate/Http/Request), Object(Closure))
#44 C:/Users/ADMIN/Downloads/Smart-School-Bus-Tracking-and-routes-detail/vendor/laravel/framework/src/Illuminate/Foundation/Http/Middleware/ValidatePostSize.php(27): Illuminate/Pipeline/Pipeline->Illuminate/Pipeline/{closure}(Object(Illuminate/Http/Request))
#45 C:/Users/ADMIN/Downloads/Smart-School-Bus-Tracking-and-routes-detail/vendor/laravel/framework/src/Illuminate/Pipeline/Pipeline.php(183): Illuminate/Foundation/Http/Middleware/ValidatePostSize->handle(Object(Illuminate/Http/Request), Object(Closure))
#46 C:/Users/ADMIN/Downloads/Smart-School-Bus-Tracking-and-routes-detail/vendor/laravel/framework/src/Illuminate/Foundation/Http/Middleware/PreventRequestsDuringMaintenance.php(99): Illuminate/Pipeline/Pipeline->Illuminate/Pipeline/{closure}(Object(Illuminate/Http/Request))
#47 C:/Users/ADMIN/Downloads/Smart-School-Bus-Tracking-and-routes-detail/vendor/laravel/framework/src/Illuminate/Pipeline/Pipeline.php(183): Illuminate/Foundation/Http/Middleware/PreventRequestsDuringMaintenance->handle(Object(Illuminate/Http/Request), Object(Closure))
#48 C:/Users/ADMIN/Downloads/Smart-School-Bus-Tracking-and-routes-detail/vendor/laravel/framework/src/Illuminate/Pipeline/Pipeline.php(119): Illuminate/Pipeline/Pipeline->Illuminate/Pipeline/{closure}(Object(Illuminate/Http/Request))
#49 C:/Users/ADMIN/Downloads/Smart-School-Bus-Tracking-and-routes-detail/vendor/laravel/framework/src/Illuminate/Foundation/Http/Kernel.php(175): Illuminate/Pipeline/Pipeline->then(Object(Closure))
#50 C:/Users/ADMIN/Downloads/Smart-School-Bus-Tracking-and-routes-detail/vendor/laravel/framework/src/Illuminate/Foundation/Http/Kernel.php(144): Illuminate/Foundation/Http/Kernel->sendRequestThroughRouter(Object(Illuminate/Http/Request))
#51 C:/Users/ADMIN/Downloads/Smart-School-Bus-Tracking-and-routes-detail/public/index.php(54): Illuminate/Foundation/Http/Kernel->handle(Object(Illuminate/Http/Request))
#52 C:/Users/ADMIN/Downloads/Smart-School-Bus-Tracking-and-routes-detail/server.php(21): require_once('C://Users//ADMIN//...')
#53 {main}

[previous exception] [object] (PDOException(code: 1045): SQLSTATE[HY000] [1045] Access denied for user 'homestead'@'localhost' (using password: YES) at C:/Users/ADMIN/Downloads/Smart-School-Bus-Tracking-and-routes-detail/vendor/laravel/framework/src/Illuminate/Database/Connectors/Connector.php:65)
[stacktrace]
#0 C:/Users/ADMIN/Downloads/Smart-School-Bus-Tracking-and-routes-detail/vendor/laravel/framework/src/Illuminate/Database/Connectors/Connector.php(65): PDO->__construct('mysql:host=127....', 'homestead', Object(SensitiveParameterValue), Array)
#1 C:/Users/ADMIN/Downloads/Smart-School-Bus-Tracking-and-routes-detail/vendor/laravel/framework/src/Illuminate/Database/Connectors/Connector.php(44): Illuminate/Database/Connectors/Connector->createPdoConnection('mysql:host=127....', 'homestead', 'secret', Array)
#2 C:/Users/ADMIN/Downloads/Smart-School-Bus-Tracking-and-routes-detail/vendor/laravel/framework/src/Illuminate/Database/Connectors/MySqlConnector.php(24): Illuminate/Database/Connectors/Connector->createConnection('mysql:host=127....', Array, Array)
#3 C:/Users/ADMIN/Downloads/Smart-School-Bus-Tracking-and-routes-detail/vendor/laravel/framework/src/Illuminate/Database/Connectors/ConnectionFactory.php(184): Illuminate/Database/Connectors/MySqlConnector->connect(Array)
#4 [internal function]: Illuminate/Database/Connectors/ConnectionFactory->Illuminate/Database/Connectors/{closure}()
#5 C:/Users/ADMIN/Downloads/Smart-School-Bus-Tracking-and-routes-detail/vendor/laravel/framework/src/Illuminate/Database/Connection.php(1339): call_user_func(Object(Closure))
#6 C:/Users/ADMIN/Downloads/Smart-School-Bus-Tracking-and-routes-detail/vendor/laravel/framework/src/Illuminate/Database/Connection.php(1375): Illuminate/Database/Connection->getPdo()
#7 C:/Users/ADMIN/Downloads/Smart-School-Bus-Tracking-and-routes-detail/vendor/laravel/framework/src/Illuminate/Database/Connection.php(528): Illuminate/Database/Connection->getReadPdo()
#8 C:/Users/ADMIN/Downloads/Smart-School-Bus-Tracking-and-routes-detail/vendor/laravel/framework/src/Illuminate/Database/Connection.php(423): Illuminate/Database/Connection->getPdoForSelect(true)
#9 C:/Users/ADMIN/Downloads/Smart-School-Bus-Tracking-and-routes-detail/vendor/laravel/framework/src/Illuminate/Database/Connection.php(816): Illuminate/Database/Connection->Illuminate/Database/{closure}('select * from `...', Array)
#10 C:/Users/ADMIN/Downloads/Smart-School-Bus-Tracking-and-routes-detail/vendor/laravel/framework/src/Illuminate/Database/Connection.php(783): Illuminate/Database/Connection->runQueryCallback('select * from `...', Array, Object(Closure))
#11 C:/Users/ADMIN/Downloads/Smart-School-Bus-Tracking-and-routes-detail/vendor/laravel/framework/src/Illuminate/Database/Connection.php(414): Illuminate/Database/Connection->run('select * from `...', Array, Object(Closure))
#12 C:/Users/ADMIN/Downloads/Smart-School-Bus-Tracking-and-routes-detail/vendor/laravel/framework/src/Illuminate/Database/Query/Builder.php(2913): Illuminate/Database/Connection->select('select * from `...', Array, true)
#13 C:/Users/ADMIN/Downloads/Smart-School-Bus-Tracking-and-routes-detail/vendor/laravel/framework/src/Illuminate/Database/Query/Builder.php(2902): Illuminate/Database/Query/Builder->runSelect()
#14 C:/Users/ADMIN/Downloads/Smart-School-Bus-Tracking-and-routes-detail/vendor/laravel/framework/src/Illuminate/Database/Query/Builder.php(3456): Illuminate/Database/Query/Builder->Illuminate/Database/Query/{closure}()
#15 C:/Users/ADMIN/Downloads/Smart-School-Bus-Tracking-and-routes-detail/vendor/laravel/framework/src/Illuminate/Database/Query/Builder.php(2901): Illuminate/Database/Query/Builder->onceWithColumns(Array, Object(Closure))
#16 C:/Users/ADMIN/Downloads/Smart-School-Bus-Tracking-and-routes-detail/vendor/laravel/framework/src/Illuminate/Database/Eloquent/Builder.php(739): Illuminate/Database/Query/Builder->get(Array)
#17 C:/Users/ADMIN/Downloads/Smart-School-Bus-Tracking-and-routes-detail/vendor/laravel/framework/src/Illuminate/Database/Eloquent/Builder.php(723): Illuminate/Database/Eloquent/Builder->getModels(Array)
#18 C:/Users/ADMIN/Downloads/Smart-School-Bus-Tracking-and-routes-detail/vendor/laravel/framework/src/Illuminate/Database/Eloquent/Model.php(675): Illuminate/Database/Eloquent/Builder->get(Array)
#19 C:/Users/ADMIN/Downloads/Smart-School-Bus-Tracking-and-routes-detail/app/Http/Controllers/HomeController.php(30): Illuminate/Database/Eloquent/Model::all()
#20 C:/Users/ADMIN/Downloads/Smart-School-Bus-Tracking-and-routes-detail/vendor/laravel/framework/src/Illuminate/Routing/Controller.php(54): App/Http/Controllers/HomeController->index()
#21 C:/Users/ADMIN/Downloads/Smart-School-Bus-Tracking-and-routes-detail/vendor/laravel/framework/src/Illuminate/Routing/ControllerDispatcher.php(43): Illuminate/Routing/Controller->callAction('index', Array)
#22 C:/Users/ADMIN/Downloads/Smart-School-Bus-Tracking-and-routes-detail/vendor/laravel/framework/src/Illuminate/Routing/Route.php(259): Illuminate/Routing/ControllerDispatcher->dispatch(Object(Illuminate/Routing/Route), Object(App/Http/Controllers/HomeController), 'index')
#23 C:/Users/ADMIN/Downloads/Smart-School-Bus-Tracking-and-routes-detail/vendor/laravel/framework/src/Illuminate/Routing/Route.php(205): Illuminate/Routing/Route->runController()
#24 C:/Users/ADMIN/Downloads/Smart-School-Bus-Tracking-and-routes-detail/vendor/laravel/framework/src/Illuminate/Routing/Router.php(806): Illuminate/Routing/Route->run()
#25 C:/Users/ADMIN/Downloads/Smart-School-Bus-Tracking-and-routes-detail/vendor/laravel/framework/src/Illuminate/Pipeline/Pipeline.php(144): Illuminate/Routing/Router->Illuminate/Routing/{closure}(Object(Illuminate/Http/Request))
#26 C:/Users/ADMIN/Downloads/Smart-School-Bus-Tracking-and-routes-detail/vendor/laravel/framework/src/Illuminate/Routing/Middleware/SubstituteBindings.php(50): Illuminate/Pipeline/Pipeline->Illuminate/Pipeline/{closure}(Object(Illuminate/Http/Request))
#27 C:/Users/ADMIN/Downloads/Smart-School-Bus-Tracking-and-routes-detail/vendor/laravel/framework/src/Illuminate/Pipeline/Pipeline.php(183): Illuminate/Routing/Middleware/SubstituteBindings->handle(Object(Illuminate/Http/Request), Object(Closure))
#28 C:/Users/ADMIN/Downloads/Smart-School-Bus-Tracking-and-routes-detail/vendor/laravel/framework/src/Illuminate/Foundation/Http/Middleware/VerifyCsrfToken.php(78): Illuminate/Pipeline/Pipeline->Illuminate/Pipeline/{closure}(Object(Illuminate/Http/Request))
#29 C:/Users/ADMIN/Downloads/Smart-School-Bus-Tracking-and-routes-detail/vendor/laravel/framework/src/Illuminate/Pipeline/Pipeline.php(183): Illuminate/Foundation/Http/Middleware/VerifyCsrfToken->handle(Object(Illuminate/Http/Request), Object(Closure))
#30 C:/Users/ADMIN/Downloads/Smart-School-Bus-Tracking-and-routes-detail/vendor/laravel/framework/src/Illuminate/View/Middleware/ShareErrorsFromSession.php(49): Illuminate/Pipeline/Pipeline->Illuminate/Pipeline/{closure}(Object(Illuminate/Http/Request))
#31 C:/Users/ADMIN/Downloads/Smart-School-Bus-Tracking-and-routes-detail/vendor/laravel/framework/src/Illuminate/Pipeline/Pipeline.php(183): Illuminate/View/Middleware/ShareErrorsFromSession->handle(Object(Illuminate/Http/Request), Object(Closure))
#32 C:/Users/ADMIN/Downloads/Smart-School-Bus-Tracking-and-routes-detail/vendor/laravel/framework/src/Illuminate/Session/Middleware/StartSession.php(121): Illuminate/Pipeline/Pipeline->Illuminate/Pipeline/{closure}(Object(Illuminate/Http/Request))
#33 C:/Users/ADMIN/Downloads/Smart-School-Bus-Tracking-and-routes-detail/vendor/laravel/framework/src/Illuminate/Session/Middleware/StartSession.php(64): Illuminate/Session/Middleware/StartSession->handleStatefulRequest(Object(Illuminate/Http/Request), Object(Illuminate/Session/Store), Object(Closure))
#34 C:/Users/ADMIN/Downloads/Smart-School-Bus-Tracking-and-routes-detail/vendor/laravel/framework/src/Illuminate/Pipeline/Pipeline.php(183): Illuminate/Session/Middleware/StartSession->handle(Object(Illuminate/Http/Request), Object(Closure))
#35 C:/Users/ADMIN/Downloads/Smart-School-Bus-Tracking-and-routes-detail/vendor/laravel/framework/src/Illuminate/Cookie/Middleware/AddQueuedCookiesToResponse.php(37): Illuminate/Pipeline/Pipeline->Illuminate/Pipeline/{closure}(Object(Illuminate/Http/Request))
#36 C:/Users/ADMIN/Downloads/Smart-School-Bus-Tracking-and-routes-detail/vendor/laravel/framework/src/Illuminate/Pipeline/Pipeline.php(183): Illuminate/Cookie/Middleware/AddQueuedCookiesToResponse->handle(Object(Illuminate/Http/Request), Object(Closure))
#37 C:/Users/ADMIN/Downloads/Smart-School-Bus-Tracking-and-routes-detail/vendor/laravel/framework/src/Illuminate/Cookie/Middleware/EncryptCookies.php(67): Illuminate/Pipeline/Pipeline->Illuminate/Pipeline/{closure}(Object(Illuminate/Http/Request))
#38 C:/Users/ADMIN/Downloads/Smart-School-Bus-Tracking-and-routes-detail/vendor/laravel/framework/src/Illuminate/Pipeline/Pipeline.php(183): Illuminate/Cookie/Middleware/EncryptCookies->handle(Object(Illuminate/Http/Request), Object(Closure))
#39 C:/Users/ADMIN/Downloads/Smart-School-Bus-Tracking-and-routes-detail/vendor/laravel/framework/src/Illuminate/Pipeline/Pipeline.php(119): Illuminate/Pipeline/Pipeline->Illuminate/Pipeline/{closure}(Object(Illuminate/Http/Request))
#40 C:/Users/ADMIN/Downloads/Smart-School-Bus-Tracking-and-routes-detail/vendor/laravel/framework/src/Illuminate/Routing/Router.php(805): Illuminate/Pipeline/Pipeline->then(Object(Closure))
#41 C:/Users/ADMIN/Downloads/Smart-School-Bus-Tracking-and-routes-detail/vendor/laravel/framework/src/Illuminate/Routing/Router.php(784): Illuminate/Routing/Router->runRouteWithinStack(Object(Illuminate/Routing/Route), Object(Illuminate/Http/Request))
#42 C:/Users/ADMIN/Downloads/Smart-School-Bus-Tracking-and-routes-detail/vendor/laravel/framework/src/Illuminate/Routing/Router.php(748): Illuminate/Routing/Router->runRoute(Object(Illuminate/Http/Request), Object(Illuminate/Routing/Route))
#43 C:/Users/ADMIN/Downloads/Smart-School-Bus-Tracking-and-routes-detail/vendor/laravel/framework/src/Illuminate/Routing/Router.php(737): Illuminate/Routing/Router->dispatchToRoute(Object(Illuminate/Http/Request))
#44 C:/Users/ADMIN/Downloads/Smart-School-Bus-Tracking-and-routes-detail/vendor/laravel/framework/src/Illuminate/Foundation/Http/Kernel.php(200): Illuminate/Routing/Router->dispatch(Object(Illuminate/Http/Request))
#45 C:/Users/ADMIN/Downloads/Smart-School-Bus-Tracking-and-routes-detail/vendor/laravel/framework/src/Illuminate/Pipeline/Pipeline.php(144): Illuminate/Foundation/Http/Kernel->Illuminate/Foundation/Http/{closure}(Object(Illuminate/Http/Request))
#46 C:/Users/ADMIN/Downloads/Smart-School-Bus-Tracking-and-routes-detail/vendor/laravel/framework/src/Illuminate/Http/Middleware/TrustProxies.php(39): Illuminate/Pipeline/Pipeline->Illuminate/Pipeline/{closure}(Object(Illuminate/Http/Request))
#47 C:/Users/ADMIN/Downloads/Smart-School-Bus-Tracking-and-routes-detail/vendor/laravel/framework/src/Illuminate/Pipeline/Pipeline.php(183): Illuminate/Http/Middleware/TrustProxies->handle(Object(Illuminate/Http/Request), Object(Closure))
#48 C:/Users/ADMIN/Downloads/Smart-School-Bus-Tracking-and-routes-detail/vendor/laravel/framework/src/Illuminate/Foundation/Http/Middleware/TransformsRequest.php(21): Illuminate/Pipeline/Pipeline->Illuminate/Pipeline/{closure}(Object(Illuminate/Http/Request))
#49 C:/Users/ADMIN/Downloads/Smart-School-Bus-Tracking-and-routes-detail/vendor/laravel/framework/src/Illuminate/Foundation/Http/Middleware/ConvertEmptyStringsToNull.php(31): Illuminate/Foundation/Http/Middleware/TransformsRequest->handle(Object(Illuminate/Http/Request), Object(Closure))
#50 C:/Users/ADMIN/Downloads/Smart-School-Bus-Tracking-and-routes-detail/vendor/laravel/framework/src/Illuminate/Pipeline/Pipeline.php(183): Illuminate/Foundation/Http/Middleware/ConvertEmptyStringsToNull->handle(Object(Illuminate/Http/Request), Object(Closure))
#51 C:/Users/ADMIN/Downloads/Smart-School-Bus-Tracking-and-routes-detail/vendor/laravel/framework/src/Illuminate/Foundation/Http/Middleware/TransformsRequest.php(21): Illuminate/Pipeline/Pipeline->Illuminate/Pipeline/{closure}(Object(Illuminate/Http/Request))
#52 C:/Users/ADMIN/Downloads/Smart-School-Bus-Tracking-and-routes-detail/vendor/laravel/framework/src/Illuminate/Foundation/Http/Middleware/TrimStrings.php(40): Illuminate/Foundation/Http/Middleware/TransformsRequest->handle(Object(Illuminate/Http/Request), Object(Closure))
#53 C:/Users/ADMIN/Downloads/Smart-School-Bus-Tracking-and-routes-detail/vendor/laravel/framework/src/Illuminate/Pipeline/Pipeline.php(183): Illuminate/Foundation/Http/Middleware/TrimStrings->handle(Object(Illuminate/Http/Request), Object(Closure))
#54 C:/Users/ADMIN/Downloads/Smart-School-Bus-Tracking-and-routes-detail/vendor/laravel/framework/src/Illuminate/Foundation/Http/Middleware/ValidatePostSize.php(27): Illuminate/Pipeline/Pipeline->Illuminate/Pipeline/{closure}(Object(Illuminate/Http/Request))
#55 C:/Users/ADMIN/Downloads/Smart-School-Bus-Tracking-and-routes-detail/vendor/laravel/framework/src/Illuminate/Pipeline/Pipeline.php(183): Illuminate/Foundation/Http/Middleware/ValidatePostSize->handle(Object(Illuminate/Http/Request), Object(Closure))
#56 C:/Users/ADMIN/Downloads/Smart-School-Bus-Tracking-and-routes-detail/vendor/laravel/framework/src/Illuminate/Foundation/Http/Middleware/PreventRequestsDuringMaintenance.php(99): Illuminate/Pipeline/Pipeline->Illuminate/Pipeline/{closure}(Object(Illuminate/Http/Request))
#57 C:/Users/ADMIN/Downloads/Smart-School-Bus-Tracking-and-routes-detail/vendor/laravel/framework/src/Illuminate/Pipeline/Pipeline.php(183): Illuminate/Foundation/Http/Middleware/PreventRequestsDuringMaintenance->handle(Object(Illuminate/Http/Request), Object(Closure))
#58 C:/Users/ADMIN/Downloads/Smart-School-Bus-Tracking-and-routes-detail/vendor/laravel/framework/src/Illuminate/Pipeline/Pipeline.php(119): Illuminate/Pipeline/Pipeline->Illuminate/Pipeline/{closure}(Object(Illuminate/Http/Request))
#59 C:/Users/ADMIN/Downloads/Smart-School-Bus-Tracking-and-routes-detail/vendor/laravel/framework/src/Illuminate/Foundation/Http/Kernel.php(175): Illuminate/Pipeline/Pipeline->then(Object(Closure))
#60 C:/Users/ADMIN/Downloads/Smart-School-Bus-Tracking-and-routes-detail/vendor/laravel/framework/src/Illuminate/Foundation/Http/Kernel.php(144): Illuminate/Foundation/Http/Kernel->sendRequestThroughRouter(Object(Illuminate/Http/Request))
#61 C:/Users/ADMIN/Downloads/Smart-School-Bus-Tracking-and-routes-detail/public/index.php(54): Illuminate/Foundation/Http/Kernel->handle(Object(Illuminate/Http/Request))
#62 C:/Users/ADMIN/Downloads/Smart-School-Bus-Tracking-and-routes-detail/server.php(21): require_once('C://Users//ADMIN//...')
#63 {main}
"} 
[2026-02-09 12:29:17] local.ERROR: SQLSTATE[HY000] [1045] Access denied for user 'homestead'@'localhost' (using password: YES) (Connection: mysql, SQL: select * from `user`) {"exception":"[object] (Illuminate\\Database\\QueryException(code: 1045): SQLSTATE[HY000] [1045] Access denied for user 'homestead'@'localhost' (using password: YES) (Connection: mysql, SQL: select * from `user`) at C:/Users/ADMIN/Downloads/Smart-School-Bus-Tracking-and-routes-detail/vendor/laravel/framework/src/Illuminate/Database/Connection.php:829)
[stacktrace]
#0 C:/Users/ADMIN/Downloads/Smart-School-Bus-Tracking-and-routes-detail/vendor/laravel/framework/src/Illuminate/Database/Connection.php(783): Illuminate/Database/Connection->runQueryCallback('select * from `...', Array, Object(Closure))
#1 C:/Users/ADMIN/Downloads/Smart-School-Bus-Tracking-and-routes-detail/vendor/laravel/framework/src/Illuminate/Database/Connection.php(414): Illuminate/Database/Connection->run('select * from `...', Array, Object(Closure))
#2 C:/Users/ADMIN/Downloads/Smart-School-Bus-Tracking-and-routes-detail/vendor/laravel/framework/src/Illuminate/Database/Query/Builder.php(2913): Illuminate/Database/Connection->select('select * from `...', Array, true)
#3 C:/Users/ADMIN/Downloads/Smart-School-Bus-Tracking-and-routes-detail/vendor/laravel/framework/src/Illuminate/Database/Query/Builder.php(2902): Illuminate/Database/Query/Builder->runSelect()
#4 C:/Users/ADMIN/Downloads/Smart-School-Bus-Tracking-and-routes-detail/vendor/laravel/framework/src/Illuminate/Database/Query/Builder.php(3456): Illuminate/Database/Query/Builder->Illuminate/Database/Query/{closure}()
#5 C:/Users/ADMIN/Downloads/Smart-School-Bus-Tracking-and-routes-detail/vendor/laravel/framework/src/Illuminate/Database/Query/Builder.php(2901): Illuminate/Database/Query/Builder->onceWithColumns(Array, Object(Closure))
#6 C:/Users/ADMIN/Downloads/Smart-School-Bus-Tracking-and-routes-detail/vendor/laravel/framework/src/Illuminate/Database/Eloquent/Builder.php(739): Illuminate/Database/Query/Builder->get(Array)
#7 C:/Users/ADMIN/Downloads/Smart-School-Bus-Tracking-and-routes-detail/vendor/laravel/framework/src/Illuminate/Database/Eloquent/Builder.php(723): Illuminate/Database/Eloquent/Builder->getModels(Array)
#8 C:/Users/ADMIN/Downloads/Smart-School-Bus-Tracking-and-routes-detail/vendor/laravel/framework/src/Illuminate/Database/Eloquent/Model.php(675): Illuminate/Database/Eloquent/Builder->get(Array)
#9 C:/Users/ADMIN/Downloads/Smart-School-Bus-Tracking-and-routes-detail/app/Http/Controllers/HomeController.php(30): Illuminate/Database/Eloquent/Model::all()
#10 C:/Users/ADMIN/Downloads/Smart-School-Bus-Tracking-and-routes-detail/vendor/laravel/framework/src/Illuminate/Routing/Controller.php(54): App/Http/Controllers/HomeController->index()
#11 C:/Users/ADMIN/Downloads/Smart-School-Bus-Tracking-and-routes-detail/vendor/laravel/framework/src/Illuminate/Routing/ControllerDispatcher.php(43): Illuminate/Routing/Controller->callAction('index', Array)
#12 C:/Users/ADMIN/Downloads/Smart-School-Bus-Tracking-and-routes-detail/vendor/laravel/framework/src/Illuminate/Routing/Route.php(259): Illuminate/Routing/ControllerDispatcher->dispatch(Object(Illuminate/Routing/Route), Object(App/Http/Controllers/HomeController), 'index')
#13 C:/Users/ADMIN/Downloads/Smart-School-Bus-Tracking-and-routes-detail/vendor/laravel/framework/src/Illuminate/Routing/Route.php(205): Illuminate/Routing/Route->runController()
#14 C:/Users/ADMIN/Downloads/Smart-School-Bus-Tracking-and-routes-detail/vendor/laravel/framework/src/Illuminate/Routing/Router.php(806): Illuminate/Routing/Route->run()
#15 C:/Users/ADMIN/Downloads/Smart-School-Bus-Tracking-and-routes-detail/vendor/laravel/framework/src/Illuminate/Pipeline/Pipeline.php(144): Illuminate/Routing/Router->Illuminate/Routing/{closure}(Object(Illuminate/Http/Request))
#16 C:/Users/ADMIN/Downloads/Smart-School-Bus-Tracking-and-routes-detail/vendor/laravel/framework/src/Illuminate/Routing/Middleware/SubstituteBindings.php(50): Illuminate/Pipeline/Pipeline->Illuminate/Pipeline/{closure}(Object(Illuminate/Http/Request))
#17 C:/Users/ADMIN/Downloads/Smart-School-Bus-Tracking-and-routes-detail/vendor/laravel/framework/src/Illuminate/Pipeline/Pipeline.php(183): Illuminate/Routing/Middleware/SubstituteBindings->handle(Object(Illuminate/Http/Request), Object(Closure))
#18 C:/Users/ADMIN/Downloads/Smart-School-Bus-Tracking-and-routes-detail/vendor/laravel/framework/src/Illuminate/Foundation/Http/Middleware/VerifyCsrfToken.php(78): Illuminate/Pipeline/Pipeline->Illuminate/Pipeline/{closure}(Object(Illuminate/Http/Request))
#19 C:/Users/ADMIN/Downloads/Smart-School-Bus-Tracking-and-routes-detail/vendor/laravel/framework/src/Illuminate/Pipeline/Pipeline.php(183): Illuminate/Foundation/Http/Middleware/VerifyCsrfToken->handle(Object(Illuminate/Http/Request), Object(Closure))
#20 C:/Users/ADMIN/Downloads/Smart-School-Bus-Tracking-and-routes-detail/vendor/laravel/framework/src/Illuminate/View/Middleware/ShareErrorsFromSession.php(49): Illuminate/Pipeline/Pipeline->Illuminate/Pipeline/{closure}(Object(Illuminate/Http/Request))
#21 C:/Users/ADMIN/Downloads/Smart-School-Bus-Tracking-and-routes-detail/vendor/laravel/framework/src/Illuminate/Pipeline/Pipeline.php(183): Illuminate/View/Middleware/ShareErrorsFromSession->handle(Object(Illuminate/Http/Request), Object(Closure))
#22 C:/Users/ADMIN/Downloads/Smart-School-Bus-Tracking-and-routes-detail/vendor/laravel/framework/src/Illuminate/Session/Middleware/StartSession.php(121): Illuminate/Pipeline/Pipeline->Illuminate/Pipeline/{closure}(Object(Illuminate/Http/Request))
#23 C:/Users/ADMIN/Downloads/Smart-School-Bus-Tracking-and-routes-detail/vendor/laravel/framework/src/Illuminate/Session/Middleware/StartSession.php(64): Illuminate/Session/Middleware/StartSession->handleStatefulRequest(Object(Illuminate/Http/Request), Object(Illuminate/Session/Store), Object(Closure))
#24 C:/Users/ADMIN/Downloads/Smart-School-Bus-Tracking-and-routes-detail/vendor/laravel/framework/src/Illuminate/Pipeline/Pipeline.php(183): Illuminate/Session/Middleware/StartSession->handle(Object(Illuminate/Http/Request), Object(Closure))
#25 C:/Users/ADMIN/Downloads/Smart-School-Bus-Tracking-and-routes-detail/vendor/laravel/framework/src/Illuminate/Cookie/Middleware/AddQueuedCookiesToResponse.php(37): Illuminate/Pipeline/Pipeline->Illuminate/Pipeline/{closure}(Object(Illuminate/Http/Request))
#26 C:/Users/ADMIN/Downloads/Smart-School-Bus-Tracking-and-routes-detail/vendor/laravel/framework/src/Illuminate/Pipeline/Pipeline.php(183): Illuminate/Cookie/Middleware/AddQueuedCookiesToResponse->handle(Object(Illuminate/Http/Request), Object(Closure))
#27 C:/Users/ADMIN/Downloads/Smart-School-Bus-Tracking-and-routes-detail/vendor/laravel/framework/src/Illuminate/Cookie/Middleware/EncryptCookies.php(67): Illuminate/Pipeline/Pipeline->Illuminate/Pipeline/{closure}(Object(Illuminate/Http/Request))
#28 C:/Users/ADMIN/Downloads/Smart-School-Bus-Tracking-and-routes-detail/vendor/laravel/framework/src/Illuminate/Pipeline/Pipeline.php(183): Illuminate/Cookie/Middleware/EncryptCookies->handle(Object(Illuminate/Http/Request), Object(Closure))
#29 C:/Users/ADMIN/Downloads/Smart-School-Bus-Tracking-and-routes-detail/vendor/laravel/framework/src/Illuminate/Pipeline/Pipeline.php(119): Illuminate/Pipeline/Pipeline->Illuminate/Pipeline/{closure}(Object(Illuminate/Http/Request))
#30 C:/Users/ADMIN/Downloads/Smart-School-Bus-Tracking-and-routes-detail/vendor/laravel/framework/src/Illuminate/Routing/Router.php(805): Illuminate/Pipeline/Pipeline->then(Object(Closure))
#31 C:/Users/ADMIN/Downloads/Smart-School-Bus-Tracking-and-routes-detail/vendor/laravel/framework/src/Illuminate/Routing/Router.php(784): Illuminate/Routing/Router->runRouteWithinStack(Object(Illuminate/Routing/Route), Object(Illuminate/Http/Request))
#32 C:/Users/ADMIN/Downloads/Smart-School-Bus-Tracking-and-routes-detail/vendor/laravel/framework/src/Illuminate/Routing/Router.php(748): Illuminate/Routing/Router->runRoute(Object(Illuminate/Http/Request), Object(Illuminate/Routing/Route))
#33 C:/Users/ADMIN/Downloads/Smart-School-Bus-Tracking-and-routes-detail/vendor/laravel/framework/src/Illuminate/Routing/Router.php(737): Illuminate/Routing/Router->dispatchToRoute(Object(Illuminate/Http/Request))
#34 C:/Users/ADMIN/Downloads/Smart-School-Bus-Tracking-and-routes-detail/vendor/laravel/framework/src/Illuminate/Foundation/Http/Kernel.php(200): Illuminate/Routing/Router->dispatch(Object(Illuminate/Http/Request))
#35 C:/Users/ADMIN/Downloads/Smart-School-Bus-Tracking-and-routes-detail/vendor/laravel/framework/src/Illuminate/Pipeline/Pipeline.php(144): Illuminate/Foundation/Http/Kernel->Illuminate/Foundation/Http/{closure}(Object(Illuminate/Http/Request))
#36 C:/Users/ADMIN/Downloads/Smart-School-Bus-Tracking-and-routes-detail/vendor/laravel/framework/src/Illuminate/Http/Middleware/TrustProxies.php(39): Illuminate/Pipeline/Pipeline->Illuminate/Pipeline/{closure}(Object(Illuminate/Http/Request))
#37 C:/Users/ADMIN/Downloads/Smart-School-Bus-Tracking-and-routes-detail/vendor/laravel/framework/src/Illuminate/Pipeline/Pipeline.php(183): Illuminate/Http/Middleware/TrustProxies->handle(Object(Illuminate/Http/Request), Object(Closure))
#38 C:/Users/ADMIN/Downloads/Smart-School-Bus-Tracking-and-routes-detail/vendor/laravel/framework/src/Illuminate/Foundation/Http/Middleware/TransformsRequest.php(21): Illuminate/Pipeline/Pipeline->Illuminate/Pipeline/{closure}(Object(Illuminate/Http/Request))
#39 C:/Users/ADMIN/Downloads/Smart-School-Bus-Tracking-and-routes-detail/vendor/laravel/framework/src/Illuminate/Foundation/Http/Middleware/ConvertEmptyStringsToNull.php(31): Illuminate/Foundation/Http/Middleware/TransformsRequest->handle(Object(Illuminate/Http/Request), Object(Closure))
#40 C:/Users/ADMIN/Downloads/Smart-School-Bus-Tracking-and-routes-detail/vendor/laravel/framework/src/Illuminate/Pipeline/Pipeline.php(183): Illuminate/Foundation/Http/Middleware/ConvertEmptyStringsToNull->handle(Object(Illuminate/Http/Request), Object(Closure))
#41 C:/Users/ADMIN/Downloads/Smart-School-Bus-Tracking-and-routes-detail/vendor/laravel/framework/src/Illuminate/Foundation/Http/Middleware/TransformsRequest.php(21): Illuminate/Pipeline/Pipeline->Illuminate/Pipeline/{closure}(Object(Illuminate/Http/Request))
#42 C:/Users/ADMIN/Downloads/Smart-School-Bus-Tracking-and-routes-detail/vendor/laravel/framework/src/Illuminate/Foundation/Http/Middleware/TrimStrings.php(40): Illuminate/Foundation/Http/Middleware/TransformsRequest->handle(Object(Illuminate/Http/Request), Object(Closure))
#43 C:/Users/ADMIN/Downloads/Smart-School-Bus-Tracking-and-routes-detail/vendor/laravel/framework/src/Illuminate/Pipeline/Pipeline.php(183): Illuminate/Foundation/Http/Middleware/TrimStrings->handle(Object(Illuminate/Http/Request), Object(Closure))
#44 C:/Users/ADMIN/Downloads/Smart-School-Bus-Tracking-and-routes-detail/vendor/laravel/framework/src/Illuminate/Foundation/Http/Middleware/ValidatePostSize.php(27): Illuminate/Pipeline/Pipeline->Illuminate/Pipeline/{closure}(Object(Illuminate/Http/Request))
#45 C:/Users/ADMIN/Downloads/Smart-School-Bus-Tracking-and-routes-detail/vendor/laravel/framework/src/Illuminate/Pipeline/Pipeline.php(183): Illuminate/Foundation/Http/Middleware/ValidatePostSize->handle(Object(Illuminate/Http/Request), Object(Closure))
#46 C:/Users/ADMIN/Downloads/Smart-School-Bus-Tracking-and-routes-detail/vendor/laravel/framework/src/Illuminate/Foundation/Http/Middleware/PreventRequestsDuringMaintenance.php(99): Illuminate/Pipeline/Pipeline->Illuminate/Pipeline/{closure}(Object(Illuminate/Http/Request))
#47 C:/Users/ADMIN/Downloads/Smart-School-Bus-Tracking-and-routes-detail/vendor/laravel/framework/src/Illuminate/Pipeline/Pipeline.php(183): Illuminate/Foundation/Http/Middleware/PreventRequestsDuringMaintenance->handle(Object(Illuminate/Http/Request), Object(Closure))
#48 C:/Users/ADMIN/Downloads/Smart-School-Bus-Tracking-and-routes-detail/vendor/laravel/framework/src/Illuminate/Pipeline/Pipeline.php(119): Illuminate/Pipeline/Pipeline->Illuminate/Pipeline/{closure}(Object(Illuminate/Http/Request))
#49 C:/Users/ADMIN/Downloads/Smart-School-Bus-Tracking-and-routes-detail/vendor/laravel/framework/src/Illuminate/Foundation/Http/Kernel.php(175): Illuminate/Pipeline/Pipeline->then(Object(Closure))
#50 C:/Users/ADMIN/Downloads/Smart-School-Bus-Tracking-and-routes-detail/vendor/laravel/framework/src/Illuminate/Foundation/Http/Kernel.php(144): Illuminate/Foundation/Http/Kernel->sendRequestThroughRouter(Object(Illuminate/Http/Request))
#51 C:/Users/ADMIN/Downloads/Smart-School-Bus-Tracking-and-routes-detail/public/index.php(54): Illuminate/Foundation/Http/Kernel->handle(Object(Illuminate/Http/Request))
#52 C:/Users/ADMIN/Downloads/Smart-School-Bus-Tracking-and-routes-detail/server.php(21): require_once('C://Users//ADMIN//...')
#53 {main}

[previous exception] [object] (PDOException(code: 1045): SQLSTATE[HY000] [1045] Access denied for user 'homestead'@'localhost' (using password: YES) at C:/Users/ADMIN/Downloads/Smart-School-Bus-Tracking-and-routes-detail/vendor/laravel/framework/src/Illuminate/Database/Connectors/Connector.php:65)
[stacktrace]
#0 C:/Users/ADMIN/Downloads/Smart-School-Bus-Tracking-and-routes-detail/vendor/laravel/framework/src/Illuminate/Database/Connectors/Connector.php(65): PDO->__construct('mysql:host=127....', 'homestead', Object(SensitiveParameterValue), Array)
#1 C:/Users/ADMIN/Downloads/Smart-School-Bus-Tracking-and-routes-detail/vendor/laravel/framework/src/Illuminate/Database/Connectors/Connector.php(44): Illuminate/Database/Connectors/Connector->createPdoConnection('mysql:host=127....', 'homestead', 'secret', Array)
#2 C:/Users/ADMIN/Downloads/Smart-School-Bus-Tracking-and-routes-detail/vendor/laravel/framework/src/Illuminate/Database/Connectors/MySqlConnector.php(24): Illuminate/Database/Connectors/Connector->createConnection('mysql:host=127....', Array, Array)
#3 C:/Users/ADMIN/Downloads/Smart-School-Bus-Tracking-and-routes-detail/vendor/laravel/framework/src/Illuminate/Database/Connectors/ConnectionFactory.php(184): Illuminate/Database/Connectors/MySqlConnector->connect(Array)
#4 [internal function]: Illuminate/Database/Connectors/ConnectionFactory->Illuminate/Database/Connectors/{closure}()
#5 C:/Users/ADMIN/Downloads/Smart-School-Bus-Tracking-and-routes-detail/vendor/laravel/framework/src/Illuminate/Database/Connection.php(1339): call_user_func(Object(Closure))
#6 C:/Users/ADMIN/Downloads/Smart-School-Bus-Tracking-and-routes-detail/vendor/laravel/framework/src/Illuminate/Database/Connection.php(1375): Illuminate/Database/Connection->getPdo()
#7 C:/Users/ADMIN/Downloads/Smart-School-Bus-Tracking-and-routes-detail/vendor/laravel/framework/src/Illuminate/Database/Connection.php(528): Illuminate/Database/Connection->getReadPdo()
#8 C:/Users/ADMIN/Downloads/Smart-School-Bus-Tracking-and-routes-detail/vendor/laravel/framework/src/Illuminate/Database/Connection.php(423): Illuminate/Database/Connection->getPdoForSelect(true)
#9 C:/Users/ADMIN/Downloads/Smart-School-Bus-Tracking-and-routes-detail/vendor/laravel/framework/src/Illuminate/Database/Connection.php(816): Illuminate/Database/Connection->Illuminate/Database/{closure}('select * from `...', Array)
#10 C:/Users/ADMIN/Downloads/Smart-School-Bus-Tracking-and-routes-detail/vendor/laravel/framework/src/Illuminate/Database/Connection.php(783): Illuminate/Database/Connection->runQueryCallback('select * from `...', Array, Object(Closure))
#11 C:/Users/ADMIN/Downloads/Smart-School-Bus-Tracking-and-routes-detail/vendor/laravel/framework/src/Illuminate/Database/Connection.php(414): Illuminate/Database/Connection->run('select * from `...', Array, Object(Closure))
#12 C:/Users/ADMIN/Downloads/Smart-School-Bus-Tracking-and-routes-detail/vendor/laravel/framework/src/Illuminate/Database/Query/Builder.php(2913): Illuminate/Database/Connection->select('select * from `...', Array, true)
#13 C:/Users/ADMIN/Downloads/Smart-School-Bus-Tracking-and-routes-detail/vendor/laravel/framework/src/Illuminate/Database/Query/Builder.php(2902): Illuminate/Database/Query/Builder->runSelect()
#14 C:/Users/ADMIN/Downloads/Smart-School-Bus-Tracking-and-routes-detail/vendor/laravel/framework/src/Illuminate/Database/Query/Builder.php(3456): Illuminate/Database/Query/Builder->Illuminate/Database/Query/{closure}()
#15 C:/Users/ADMIN/Downloads/Smart-School-Bus-Tracking-and-routes-detail/vendor/laravel/framework/src/Illuminate/Database/Query/Builder.php(2901): Illuminate/Database/Query/Builder->onceWithColumns(Array, Object(Closure))
#16 C:/Users/ADMIN/Downloads/Smart-School-Bus-Tracking-and-routes-detail/vendor/laravel/framework/src/Illuminate/Database/Eloquent/Builder.php(739): Illuminate/Database/Query/Builder->get(Array)
#17 C:/Users/ADMIN/Downloads/Smart-School-Bus-Tracking-and-routes-detail/vendor/laravel/framework/src/Illuminate/Database/Eloquent/Builder.php(723): Illuminate/Database/Eloquent/Builder->getModels(Array)
#18 C:/Users/ADMIN/Downloads/Smart-School-Bus-Tracking-and-routes-detail/vendor/laravel/framework/src/Illuminate/Database/Eloquent/Model.php(675): Illuminate/Database/Eloquent/Builder->get(Array)
#19 C:/Users/ADMIN/Downloads/Smart-School-Bus-Tracking-and-routes-detail/app/Http/Controllers/HomeController.php(30): Illuminate/Database/Eloquent/Model::all()
#20 C:/Users/ADMIN/Downloads/Smart-School-Bus-Tracking-and-routes-detail/vendor/laravel/framework/src/Illuminate/Routing/Controller.php(54): App/Http/Controllers/HomeController->index()
#21 C:/Users/ADMIN/Downloads/Smart-School-Bus-Tracking-and-routes-detail/vendor/laravel/framework/src/Illuminate/Routing/ControllerDispatcher.php(43): Illuminate/Routing/Controller->callAction('index', Array)
#22 C:/Users/ADMIN/Downloads/Smart-School-Bus-Tracking-and-routes-detail/vendor/laravel/framework/src/Illuminate/Routing/Route.php(259): Illuminate/Routing/ControllerDispatcher->dispatch(Object(Illuminate/Routing/Route), Object(App/Http/Controllers/HomeController), 'index')
#23 C:/Users/ADMIN/Downloads/Smart-School-Bus-Tracking-and-routes-detail/vendor/laravel/framework/src/Illuminate/Routing/Route.php(205): Illuminate/Routing/Route->runController()
#24 C:/Users/ADMIN/Downloads/Smart-School-Bus-Tracking-and-routes-detail/vendor/laravel/framework/src/Illuminate/Routing/Router.php(806): Illuminate/Routing/Route->run()
#25 C:/Users/ADMIN/Downloads/Smart-School-Bus-Tracking-and-routes-detail/vendor/laravel/framework/src/Illuminate/Pipeline/Pipeline.php(144): Illuminate/Routing/Router->Illuminate/Routing/{closure}(Object(Illuminate/Http/Request))
#26 C:/Users/ADMIN/Downloads/Smart-School-Bus-Tracking-and-routes-detail/vendor/laravel/framework/src/Illuminate/Routing/Middleware/SubstituteBindings.php(50): Illuminate/Pipeline/Pipeline->Illuminate/Pipeline/{closure}(Object(Illuminate/Http/Request))
#27 C:/Users/ADMIN/Downloads/Smart-School-Bus-Tracking-and-routes-detail/vendor/laravel/framework/src/Illuminate/Pipeline/Pipeline.php(183): Illuminate/Routing/Middleware/SubstituteBindings->handle(Object(Illuminate/Http/Request), Object(Closure))
#28 C:/Users/ADMIN/Downloads/Smart-School-Bus-Tracking-and-routes-detail/vendor/laravel/framework/src/Illuminate/Foundation/Http/Middleware/VerifyCsrfToken.php(78): Illuminate/Pipeline/Pipeline->Illuminate/Pipeline/{closure}(Object(Illuminate/Http/Request))
#29 C:/Users/ADMIN/Downloads/Smart-School-Bus-Tracking-and-routes-detail/vendor/laravel/framework/src/Illuminate/Pipeline/Pipeline.php(183): Illuminate/Foundation/Http/Middleware/VerifyCsrfToken->handle(Object(Illuminate/Http/Request), Object(Closure))
#30 C:/Users/ADMIN/Downloads/Smart-School-Bus-Tracking-and-routes-detail/vendor/laravel/framework/src/Illuminate/View/Middleware/ShareErrorsFromSession.php(49): Illuminate/Pipeline/Pipeline->Illuminate/Pipeline/{closure}(Object(Illuminate/Http/Request))
#31 C:/Users/ADMIN/Downloads/Smart-School-Bus-Tracking-and-routes-detail/vendor/laravel/framework/src/Illuminate/Pipeline/Pipeline.php(183): Illuminate/View/Middleware/ShareErrorsFromSession->handle(Object(Illuminate/Http/Request), Object(Closure))
#32 C:/Users/ADMIN/Downloads/Smart-School-Bus-Tracking-and-routes-detail/vendor/laravel/framework/src/Illuminate/Session/Middleware/StartSession.php(121): Illuminate/Pipeline/Pipeline->Illuminate/Pipeline/{closure}(Object(Illuminate/Http/Request))
#33 C:/Users/ADMIN/Downloads/Smart-School-Bus-Tracking-and-routes-detail/vendor/laravel/framework/src/Illuminate/Session/Middleware/StartSession.php(64): Illuminate/Session/Middleware/StartSession->handleStatefulRequest(Object(Illuminate/Http/Request), Object(Illuminate/Session/Store), Object(Closure))
#34 C:/Users/ADMIN/Downloads/Smart-School-Bus-Tracking-and-routes-detail/vendor/laravel/framework/src/Illuminate/Pipeline/Pipeline.php(183): Illuminate/Session/Middleware/StartSession->handle(Object(Illuminate/Http/Request), Object(Closure))
#35 C:/Users/ADMIN/Downloads/Smart-School-Bus-Tracking-and-routes-detail/vendor/laravel/framework/src/Illuminate/Cookie/Middleware/AddQueuedCookiesToResponse.php(37): Illuminate/Pipeline/Pipeline->Illuminate/Pipeline/{closure}(Object(Illuminate/Http/Request))
#36 C:/Users/ADMIN/Downloads/Smart-School-Bus-Tracking-and-routes-detail/vendor/laravel/framework/src/Illuminate/Pipeline/Pipeline.php(183): Illuminate/Cookie/Middleware/AddQueuedCookiesToResponse->handle(Object(Illuminate/Http/Request), Object(Closure))
#37 C:/Users/ADMIN/Downloads/Smart-School-Bus-Tracking-and-routes-detail/vendor/laravel/framework/src/Illuminate/Cookie/Middleware/EncryptCookies.php(67): Illuminate/Pipeline/Pipeline->Illuminate/Pipeline/{closure}(Object(Illuminate/Http/Request))
#38 C:/Users/ADMIN/Downloads/Smart-School-Bus-Tracking-and-routes-detail/vendor/laravel/framework/src/Illuminate/Pipeline/Pipeline.php(183): Illuminate/Cookie/Middleware/EncryptCookies->handle(Object(Illuminate/Http/Request), Object(Closure))
#39 C:/Users/ADMIN/Downloads/Smart-School-Bus-Tracking-and-routes-detail/vendor/laravel/framework/src/Illuminate/Pipeline/Pipeline.php(119): Illuminate/Pipeline/Pipeline->Illuminate/Pipeline/{closure}(Object(Illuminate/Http/Request))
#40 C:/Users/ADMIN/Downloads/Smart-School-Bus-Tracking-and-routes-detail/vendor/laravel/framework/src/Illuminate/Routing/Router.php(805): Illuminate/Pipeline/Pipeline->then(Object(Closure))
#41 C:/Users/ADMIN/Downloads/Smart-School-Bus-Tracking-and-routes-detail/vendor/laravel/framework/src/Illuminate/Routing/Router.php(784): Illuminate/Routing/Router->runRouteWithinStack(Object(Illuminate/Routing/Route), Object(Illuminate/Http/Request))
#42 C:/Users/ADMIN/Downloads/Smart-School-Bus-Tracking-and-routes-detail/vendor/laravel/framework/src/Illuminate/Routing/Router.php(748): Illuminate/Routing/Router->runRoute(Object(Illuminate/Http/Request), Object(Illuminate/Routing/Route))
#43 C:/Users/ADMIN/Downloads/Smart-School-Bus-Tracking-and-routes-detail/vendor/laravel/framework/src/Illuminate/Routing/Router.php(737): Illuminate/Routing/Router->dispatchToRoute(Object(Illuminate/Http/Request))
#44 C:/Users/ADMIN/Downloads/Smart-School-Bus-Tracking-and-routes-detail/vendor/laravel/framework/src/Illuminate/Foundation/Http/Kernel.php(200): Illuminate/Routing/Router->dispatch(Object(Illuminate/Http/Request))
#45 C:/Users/ADMIN/Downloads/Smart-School-Bus-Tracking-and-routes-detail/vendor/laravel/framework/src/Illuminate/Pipeline/Pipeline.php(144): Illuminate/Foundation/Http/Kernel->Illuminate/Foundation/Http/{closure}(Object(Illuminate/Http/Request))
#46 C:/Users/ADMIN/Downloads/Smart-School-Bus-Tracking-and-routes-detail/vendor/laravel/framework/src/Illuminate/Http/Middleware/TrustProxies.php(39): Illuminate/Pipeline/Pipeline->Illuminate/Pipeline/{closure}(Object(Illuminate/Http/Request))
#47 C:/Users/ADMIN/Downloads/Smart-School-Bus-Tracking-and-routes-detail/vendor/laravel/framework/src/Illuminate/Pipeline/Pipeline.php(183): Illuminate/Http/Middleware/TrustProxies->handle(Object(Illuminate/Http/Request), Object(Closure))
#48 C:/Users/ADMIN/Downloads/Smart-School-Bus-Tracking-and-routes-detail/vendor/laravel/framework/src/Illuminate/Foundation/Http/Middleware/TransformsRequest.php(21): Illuminate/Pipeline/Pipeline->Illuminate/Pipeline/{closure}(Object(Illuminate/Http/Request))
#49 C:/Users/ADMIN/Downloads/Smart-School-Bus-Tracking-and-routes-detail/vendor/laravel/framework/src/Illuminate/Foundation/Http/Middleware/ConvertEmptyStringsToNull.php(31): Illuminate/Foundation/Http/Middleware/TransformsRequest->handle(Object(Illuminate/Http/Request), Object(Closure))
#50 C:/Users/ADMIN/Downloads/Smart-School-Bus-Tracking-and-routes-detail/vendor/laravel/framework/src/Illuminate/Pipeline/Pipeline.php(183): Illuminate/Foundation/Http/Middleware/ConvertEmptyStringsToNull->handle(Object(Illuminate/Http/Request), Object(Closure))
#51 C:/Users/ADMIN/Downloads/Smart-School-Bus-Tracking-and-routes-detail/vendor/laravel/framework/src/Illuminate/Foundation/Http/Middleware/TransformsRequest.php(21): Illuminate/Pipeline/Pipeline->Illuminate/Pipeline/{closure}(Object(Illuminate/Http/Request))
#52 C:/Users/ADMIN/Downloads/Smart-School-Bus-Tracking-and-routes-detail/vendor/laravel/framework/src/Illuminate/Foundation/Http/Middleware/TrimStrings.php(40): Illuminate/Foundation/Http/Middleware/TransformsRequest->handle(Object(Illuminate/Http/Request), Object(Closure))
#53 C:/Users/ADMIN/Downloads/Smart-School-Bus-Tracking-and-routes-detail/vendor/laravel/framework/src/Illuminate/Pipeline/Pipeline.php(183): Illuminate/Foundation/Http/Middleware/TrimStrings->handle(Object(Illuminate/Http/Request), Object(Closure))
#54 C:/Users/ADMIN/Downloads/Smart-School-Bus-Tracking-and-routes-detail/vendor/laravel/framework/src/Illuminate/Foundation/Http/Middleware/ValidatePostSize.php(27): Illuminate/Pipeline/Pipeline->Illuminate/Pipeline/{closure}(Object(Illuminate/Http/Request))
#55 C:/Users/ADMIN/Downloads/Smart-School-Bus-Tracking-and-routes-detail/vendor/laravel/framework/src/Illuminate/Pipeline/Pipeline.php(183): Illuminate/Foundation/Http/Middleware/ValidatePostSize->handle(Object(Illuminate/Http/Request), Object(Closure))
#56 C:/Users/ADMIN/Downloads/Smart-School-Bus-Tracking-and-routes-detail/vendor/laravel/framework/src/Illuminate/Foundation/Http/Middleware/PreventRequestsDuringMaintenance.php(99): Illuminate/Pipeline/Pipeline->Illuminate/Pipeline/{closure}(Object(Illuminate/Http/Request))
#57 C:/Users/ADMIN/Downloads/Smart-School-Bus-Tracking-and-routes-detail/vendor/laravel/framework/src/Illuminate/Pipeline/Pipeline.php(183): Illuminate/Foundation/Http/Middleware/PreventRequestsDuringMaintenance->handle(Object(Illuminate/Http/Request), Object(Closure))
#58 C:/Users/ADMIN/Downloads/Smart-School-Bus-Tracking-and-routes-detail/vendor/laravel/framework/src/Illuminate/Pipeline/Pipeline.php(119): Illuminate/Pipeline/Pipeline->Illuminate/Pipeline/{closure}(Object(Illuminate/Http/Request))
#59 C:/Users/ADMIN/Downloads/Smart-School-Bus-Tracking-and-routes-detail/vendor/laravel/framework/src/Illuminate/Foundation/Http/Kernel.php(175): Illuminate/Pipeline/Pipeline->then(Object(Closure))
#60 C:/Users/ADMIN/Downloads/Smart-School-Bus-Tracking-and-routes-detail/vendor/laravel/framework/src/Illuminate/Foundation/Http/Kernel.php(144): Illuminate/Foundation/Http/Kernel->sendRequestThroughRouter(Object(Illuminate/Http/Request))
#61 C:/Users/ADMIN/Downloads/Smart-School-Bus-Tracking-and-routes-detail/public/index.php(54): Illuminate/Foundation/Http/Kernel->handle(Object(Illuminate/Http/Request))
#62 C:/Users/ADMIN/Downloads/Smart-School-Bus-Tracking-and-routes-detail/server.php(21): require_once('C://Users//ADMIN//...')
#63 {main}
"} 
